[10-29 15:28:13] p5260 {C:\Users\djang\code\python\flask\flask_fwt_demo\app.py:15} INFO - APP RUNNING
[10-29 15:28:13] p5508 {C:\Users\djang\code\python\flask\flask_fwt_demo\app.py:15} INFO - APP RUNNING
[10-29 15:28:27] p16276 {C:\Users\djang\code\python\flask\flask_fwt_demo\app.py:15} INFO - APP RUNNING
[10-29 15:28:27] p14932 {C:\Users\djang\code\python\flask\flask_fwt_demo\app.py:15} INFO - APP RUNNING
[10-29 15:30:13] p11652 {C:\Users\djang\code\python\flask\flask_fwt_demo\app.py:18} INFO - APP RUNNING
[10-29 15:32:49] p14260 {C:\Users\djang\code\python\flask\flask_fwt_demo\app.py:18} INFO - APP RUNNING
[10-29 15:34:27] p17328 {C:\Users\djang\code\python\flask\flask_fwt_demo\app.py:18} INFO - APP RUNNING
[10-29 15:35:06] p6820 {C:\Users\djang\code\python\flask\flask_fwt_demo\app.py:18} INFO - APP RUNNING
[10-29 15:39:57] p11636 {C:\Users\djang\code\python\flask\flask_fwt_demo\app.py:20} INFO - APP RUNNING
[10-29 15:40:06] p14428 {C:\Users\djang\code\python\flask\flask_fwt_demo\app.py:18} INFO - APP RUNNING
[10-29 15:40:54] p16024 {C:\Users\djang\code\python\flask\flask_fwt_demo\app.py:18} INFO - APP RUNNING
[10-29 15:41:57] p14732 {C:\Users\djang\code\python\flask\flask_fwt_demo\app.py:18} INFO - APP RUNNING
[10-29 15:43:37] p16984 {C:\Users\djang\code\python\flask\flask_fwt_demo\app.py:18} INFO - APP RUNNING
[10-29 15:43:56] p16092 {C:\Users\djang\code\python\flask\flask_fwt_demo\app.py:18} INFO - APP RUNNING
[10-29 15:44:13] p11772 {C:\Users\djang\code\python\flask\flask_fwt_demo\app.py:18} INFO - APP RUNNING
[10-29 15:44:36] p15888 {C:\Users\djang\code\python\flask\flask_fwt_demo\app.py:21} INFO - APP RUNNING
[10-29 15:44:55] p13196 {C:\Users\djang\code\python\flask\flask_fwt_demo\app.py:21} INFO - APP RUNNING
[10-29 15:46:06] p16372 {C:\Users\djang\code\python\flask\flask_fwt_demo\app.py:21} INFO - APP RUNNING
[10-29 17:37:54] p5804 {C:\Users\djang\code\python\flask\flask_fwt_demo\app.py:21} INFO - APP RUNNING
[10-29 17:38:14] p16568 {C:\Users\djang\code\python\flask\flask_fwt_demo\app.py:21} INFO - APP RUNNING
[10-29 17:38:38] p4736 {C:\Users\djang\code\python\flask\flask_fwt_demo\app.py:21} INFO - APP RUNNING
[10-29 17:43:33] p7440 {C:\Users\djang\code\python\flask\flask_fwt_demo\app.py:21} INFO - APP RUNNING
[10-29 17:47:05] p15096 {C:\Users\djang\code\python\flask\flask_fwt_demo\app.py:21} INFO - APP RUNNING
[10-29 17:47:22] p13088 {C:\Users\djang\code\python\flask\flask_fwt_demo\app.py:21} INFO - APP RUNNING
[10-29 17:47:38] p10940 {C:\Users\djang\code\python\flask\flask_fwt_demo\app.py:21} INFO - APP RUNNING
[10-29 17:50:54] p15252 {C:\Users\djang\code\python\flask\flask_fwt_demo\app.py:21} INFO - APP RUNNING
[10-29 17:52:58] p14692 {C:\Users\djang\code\python\flask\flask_fwt_demo\app.py:21} INFO - APP RUNNING
[10-29 17:53:01] p14692 {C:\Users\djang\code\python\flask\flask_fwt_demo\movies_summary.py:10} ERROR - No query provided
[10-29 17:55:40] p14692 {C:\Users\djang\code\python\flask\flask_fwt_demo\movies_summary.py:10} ERROR - No query provided
[10-29 17:56:17] p9028 {C:\Users\djang\code\python\flask\flask_fwt_demo\app.py:21} INFO - APP RUNNING
[10-29 17:56:48] p2644 {C:\Users\djang\code\python\flask\flask_fwt_demo\app.py:21} INFO - APP RUNNING
[10-29 17:56:57] p15800 {C:\Users\djang\code\python\flask\flask_fwt_demo\app.py:21} INFO - APP RUNNING
[10-29 17:57:23] p8776 {C:\Users\djang\code\python\flask\flask_fwt_demo\app.py:21} INFO - APP RUNNING
[10-29 17:57:34] p2008 {C:\Users\djang\code\python\flask\flask_fwt_demo\app.py:21} INFO - APP RUNNING
[10-29 17:57:38] p10028 {C:\Users\djang\code\python\flask\flask_fwt_demo\app.py:21} INFO - APP RUNNING
[10-29 17:58:06] p7288 {C:\Users\djang\code\python\flask\flask_fwt_demo\app.py:21} INFO - APP RUNNING
[10-29 18:00:15] p1304 {C:\Users\djang\code\python\flask\flask_fwt_demo\app.py:21} INFO - APP RUNNING
[10-29 18:00:55] p10312 {C:\Users\djang\code\python\flask\flask_fwt_demo\app.py:21} INFO - APP RUNNING
[10-29 18:01:23] p13996 {C:\Users\djang\code\python\flask\flask_fwt_demo\app.py:21} INFO - APP RUNNING
[10-29 18:03:03] p2208 {C:\Users\djang\code\python\flask\flask_fwt_demo\app.py:21} INFO - APP RUNNING
[10-29 18:03:39] p16908 {C:\Users\djang\code\python\flask\flask_fwt_demo\app.py:21} INFO - APP RUNNING
[10-29 18:03:48] p16364 {C:\Users\djang\code\python\flask\flask_fwt_demo\app.py:21} INFO - APP RUNNING
[10-29 18:16:48] p11056 {C:\Users\djang\code\python\flask\flask_fwt_demo\app.py:21} INFO - APP RUNNING
[10-29 18:16:57] p16124 {C:\Users\djang\code\python\flask\flask_fwt_demo\app.py:21} INFO - APP RUNNING
[10-29 18:17:29] p14168 {C:\Users\djang\code\python\flask\flask_fwt_demo\app.py:21} INFO - APP RUNNING
[10-29 18:17:56] p9860 {C:\Users\djang\code\python\flask\flask_fwt_demo\app.py:21} INFO - APP RUNNING
[10-29 22:54:36] p12424 {C:\Users\djang\code\python\flask\flask_fwt_demo\app.py:22} INFO - APP RUNNING
[10-29 22:54:37] p6712 {C:\Users\djang\code\python\flask\flask_fwt_demo\app.py:22} INFO - APP RUNNING
[10-29 22:56:19] p6712 {C:\Users\djang\code\python\flask\flask_fwt_demo\authentication.py:40} ERROR - Please enter all the feilds
[10-29 22:57:39] p15028 {C:\Users\djang\code\python\flask\flask_fwt_demo\app.py:22} INFO - APP RUNNING
[10-29 22:57:47] p17320 {C:\Users\djang\code\python\flask\flask_fwt_demo\app.py:22} INFO - APP RUNNING
[10-29 22:57:55] p17320 {C:\Users\djang\code\python\flask\flask_fwt_demo\authentication.py:40} ERROR - Please enter all the feilds
[10-29 23:05:25] p2936 {C:\Users\djang\code\python\flask\flask_fwt_demo\app.py:22} INFO - APP RUNNING
[10-29 23:05:56] p10116 {C:\Users\djang\code\python\flask\flask_fwt_demo\app.py:22} INFO - APP RUNNING
[10-29 23:08:16] p3872 {C:\Users\djang\code\python\flask\flask_fwt_demo\app.py:22} INFO - APP RUNNING
[10-29 23:13:50] p11964 {C:\Users\djang\code\python\flask\flask_fwt_demo\app.py:22} INFO - APP RUNNING
[10-29 23:13:51] p16460 {C:\Users\djang\code\python\flask\flask_fwt_demo\app.py:22} INFO - APP RUNNING
[10-29 23:14:31] p17948 {C:\Users\djang\code\python\flask\flask_fwt_demo\app.py:22} INFO - APP RUNNING
[10-29 23:14:45] p15788 {C:\Users\djang\code\python\flask\flask_fwt_demo\app.py:22} INFO - APP RUNNING
[10-29 23:15:21] p9348 {C:\Users\djang\code\python\flask\flask_fwt_demo\app.py:22} INFO - APP RUNNING
[10-29 23:15:59] p14380 {C:\Users\djang\code\python\flask\flask_fwt_demo\app.py:22} INFO - APP RUNNING
[10-29 23:21:44] p18428 {C:\Users\djang\code\python\flask\flask_fwt_demo\app.py:22} INFO - APP RUNNING
[10-29 23:21:55] p18008 {C:\Users\djang\code\python\flask\flask_fwt_demo\app.py:22} INFO - APP RUNNING
[10-29 23:22:23] p17260 {C:\Users\djang\code\python\flask\flask_fwt_demo\app.py:22} INFO - APP RUNNING
[10-30 11:24:25] p14436 {C:\Users\djang\code\python\flask\flask_fwt_demo\app.py:22} INFO - APP RUNNING
[10-30 11:24:26] p18772 {C:\Users\djang\code\python\flask\flask_fwt_demo\app.py:22} INFO - APP RUNNING
[10-30 11:27:15] p21140 {C:\Users\djang\code\python\flask\flask_fwt_demo\app.py:22} INFO - APP RUNNING
[10-30 11:27:53] p17476 {C:\Users\djang\code\python\flask\flask_fwt_demo\app.py:22} INFO - APP RUNNING
[10-30 11:28:14] p16932 {C:\Users\djang\code\python\flask\flask_fwt_demo\app.py:22} INFO - APP RUNNING
[10-30 11:28:53] p18696 {C:\Users\djang\code\python\flask\flask_fwt_demo\app.py:22} INFO - APP RUNNING
[10-30 11:41:20] p16472 {C:\Users\djang\code\python\flask\flask_fwt_demo\app.py:22} INFO - APP RUNNING
[10-30 11:47:17] p2368 {C:\Users\djang\code\python\flask\flask_fwt_demo\app.py:22} INFO - APP RUNNING
[10-30 11:47:21] p11168 {C:\Users\djang\code\python\flask\flask_fwt_demo\app.py:22} INFO - APP RUNNING
[10-30 11:52:58] p16988 {C:\Users\djang\code\python\flask\flask_fwt_demo\app.py:22} INFO - APP RUNNING
[10-30 11:53:16] p20860 {C:\Users\djang\code\python\flask\flask_fwt_demo\app.py:22} INFO - APP RUNNING
[10-30 11:53:51] p14076 {C:\Users\djang\code\python\flask\flask_fwt_demo\app.py:22} INFO - APP RUNNING
[10-30 11:54:19] p21296 {C:\Users\djang\code\python\flask\flask_fwt_demo\app.py:22} INFO - APP RUNNING
[10-30 12:01:11] p21096 {C:\Users\djang\code\python\flask\flask_fwt_demo\app.py:22} INFO - APP RUNNING
[10-30 12:01:34] p21096 {C:\Users\djang\code\python\flask\flask_fwt_demo\authentication.py:90} ERROR - Password should contain Alphabets, Numbers and Special Symbols
[10-30 12:01:34] p21096 {C:\Users\djang\code\python\flask\flask_fwt_demo\authentication.py:108} INFO - User has been registed with username: tejas_kk and user_uuid: f3887c0d-4e6a-4d6d-9a94-c4ea08066917
